{
  "RSpec": {
    "coverage": {
      "/Users/matt/Documents/cs169/citydogshare/app/controllers/application_controller.rb": [
        1,
        1,
        1,
        null,
        1,
        8,
        null,
        null
      ],
      "/Users/matt/Documents/cs169/citydogshare/app/helpers/application_helper.rb": [
        1,
        null
      ],
      "/Users/matt/Documents/cs169/citydogshare/app/helpers/home_helper.rb": [
        1,
        null
      ],
      "/Users/matt/Documents/cs169/citydogshare/app/helpers/layouts_helper.rb": [
        1,
        null
      ],
      "/Users/matt/Documents/cs169/citydogshare/app/helpers/sessions_helper.rb": [
        1,
        null
      ],
      "/Users/matt/Documents/cs169/citydogshare/app/helpers/welcome_helper.rb": [
        1,
        null
      ],
      "/Users/matt/Documents/cs169/citydogshare/app/controllers/dogs_controller.rb": [
        1,
        null,
        1,
        null,
        2,
        2,
        2,
        2,
        2,
        2,
        2,
        null,
        null,
        null,
        1,
        2,
        2,
        0,
        null,
        2,
        null,
        null,
        2,
        0,
        null,
        null,
        null,
        1,
        2,
        2,
        0,
        null,
        2,
        null,
        null,
        2,
        0,
        0,
        0,
        null,
        null,
        null,
        null,
        1,
        2,
        2,
        0,
        null,
        2,
        null,
        null,
        2,
        0,
        0,
        0,
        null,
        null,
        null,
        null,
        1,
        2,
        2,
        0,
        null,
        2,
        null,
        null,
        2,
        0,
        null,
        null,
        null,
        1,
        2,
        2,
        0,
        null,
        2,
        null,
        null,
        2,
        0,
        0,
        0,
        null,
        null,
        null,
        null,
        1,
        2,
        2,
        1,
        null,
        1,
        null,
        null,
        null,
        2,
        4,
        null,
        null,
        null,
        null
      ],
      "/Users/matt/Documents/cs169/citydogshare/app/models/dog.rb": [
        1,
        1,
        null,
        1,
        1,
        1,
        1,
        1,
        1,
        1,
        1,
        1,
        null,
        null,
        null,
        null
      ],
      "/Users/matt/Documents/cs169/citydogshare/app/controllers/layouts_controller.rb": [
        1,
        null
      ],
      "/Users/matt/Documents/cs169/citydogshare/app/controllers/sessions_controller.rb": [
        1,
        null,
        1,
        2,
        2,
        2,
        null,
        null,
        1,
        2,
        2,
        null,
        null,
        1,
        1,
        1,
        null,
        null,
        1,
        3,
        1,
        1,
        1,
        null,
        2,
        2,
        null,
        null,
        null,
        1,
        5,
        1,
        1,
        null,
        4,
        4,
        4,
        4,
        null,
        null,
        null,
        null,
        1,
        3,
        3,
        null,
        3,
        2,
        null,
        1,
        null,
        null,
        null,
        null
      ],
      "/Users/matt/Documents/cs169/citydogshare/app/controllers/users_controller.rb": [
        1,
        1,
        null,
        1,
        5,
        3,
        3,
        null,
        2,
        null,
        null,
        null,
        1,
        2,
        null,
        2,
        2,
        null,
        null,
        null
      ],
      "/Users/matt/Documents/cs169/citydogshare/app/models/user.rb": [
        1,
        1,
        1,
        null,
        1,
        null,
        1,
        5,
        5,
        5,
        null,
        null,
        1,
        4,
        4,
        4,
        4,
        4,
        4,
        4,
        4,
        null,
        null,
        1,
        1,
        null,
        null,
        null
      ],
      "/Users/matt/Documents/cs169/citydogshare/app/controllers/welcome_controller.rb": [
        1,
        1,
        null,
        null,
        null,
        1,
        null,
        null,
        null,
        null
      ],
      "/Users/matt/Documents/cs169/citydogshare/app/models/dog_like_linker.rb": [
        1,
        1,
        1,
        null
      ],
      "/Users/matt/Documents/cs169/citydogshare/app/models/dog_mix_linker.rb": [
        1,
        1,
        1,
        null
      ],
      "/Users/matt/Documents/cs169/citydogshare/app/models/dog_personality_linker.rb": [
        1,
        1,
        1,
        null
      ],
      "/Users/matt/Documents/cs169/citydogshare/app/models/energy_level.rb": [
        1,
        1,
        1,
        null
      ],
      "/Users/matt/Documents/cs169/citydogshare/app/models/like.rb": [
        1,
        1,
        1,
        1,
        null
      ],
      "/Users/matt/Documents/cs169/citydogshare/app/models/mix.rb": [
        1,
        1,
        1,
        1,
        null
      ],
      "/Users/matt/Documents/cs169/citydogshare/app/models/personality.rb": [
        1,
        1,
        1,
        1,
        null
      ],
      "/Users/matt/Documents/cs169/citydogshare/app/models/size.rb": [
        1,
        1,
        1,
        null
      ]
    },
    "timestamp": 1427961469
  },
  "Cucumber Features": {
    "coverage": {
      "/Users/matt/Documents/cs169/citydogshare/features/support/paths.rb": [
        null,
        null,
        null,
        null,
        null,
        1,
        null,
        null,
        null,
        null,
        null,
        null,
        1,
        3,
        null,
        null,
        0,
        null,
        0,
        null,
        3,
        null,
        null,
        null,
        null,
        null,
        null,
        null,
        null,
        null,
        null,
        null,
        null,
        null,
        null,
        null,
        null,
        null,
        null,
        null,
        null,
        null,
        1
      ],
      "/Users/matt/Documents/cs169/citydogshare/features/support/selectors.rb": [
        null,
        null,
        null,
        null,
        null,
        null,
        null,
        null,
        null,
        null,
        null,
        null,
        null,
        null,
        null,
        null,
        null,
        null,
        null,
        null,
        null,
        null,
        null,
        null,
        null,
        null,
        null,
        null,
        null,
        null,
        null,
        null,
        null,
        null,
        null,
        null,
        null,
        null,
        null,
        null,
        null,
        null,
        null,
        null
      ],
      "/Users/matt/Documents/cs169/citydogshare/features/step_definitions/auth_steps.rb": [
        null,
        1,
        1,
        1,
        1,
        null,
        1,
        3,
        null,
        null,
        6,
        6,
        6,
        null,
        null,
        null,
        null,
        1,
        3,
        null,
        null,
        1,
        0,
        null,
        null,
        1,
        3,
        null,
        null,
        1,
        0,
        null,
        null,
        1,
        0,
        null,
        null,
        1,
        0,
        null,
        null,
        1,
        2,
        2,
        null,
        0,
        null,
        null,
        null,
        1,
        0,
        0,
        0,
        null,
        0,
        null,
        null,
        null,
        1,
        0,
        null
      ],
      "/Users/matt/Documents/cs169/citydogshare/features/step_definitions/dog_steps.rb": [
        1,
        2,
        null,
        null,
        1,
        0,
        null,
        null,
        1,
        3,
        null,
        null,
        6,
        6,
        6,
        6,
        6,
        null,
        null
      ],
      "/Users/matt/Documents/cs169/citydogshare/features/step_definitions/web_steps.rb": [
        null,
        null,
        null,
        null,
        null,
        null,
        null,
        null,
        null,
        null,
        null,
        null,
        null,
        null,
        null,
        null,
        null,
        null,
        null,
        null,
        null,
        null,
        null,
        null,
        null,
        null,
        null,
        null,
        null,
        null,
        null,
        null,
        null,
        null,
        null,
        null,
        null,
        null,
        null,
        null,
        null,
        null,
        null,
        null,
        null,
        null,
        null,
        null,
        null,
        null,
        null,
        null,
        null,
        null,
        null,
        null,
        null,
        null,
        null,
        null,
        null,
        null,
        null,
        null,
        null,
        null,
        null,
        null,
        null,
        null,
        null,
        null,
        null,
        null,
        null,
        null,
        null,
        null,
        null,
        null,
        null,
        null,
        null,
        null,
        null,
        null,
        null,
        null,
        null,
        null,
        null,
        null,
        null,
        null,
        null,
        null,
        null,
        null,
        null,
        null,
        null,
        null,
        null,
        null,
        null,
        null,
        null,
        null,
        null,
        null,
        null,
        null,
        null,
        null,
        null,
        null,
        null,
        null,
        null,
        null,
        null,
        null,
        null,
        null,
        null,
        null,
        null,
        null,
        null,
        null,
        null,
        null,
        null,
        null,
        null,
        null,
        null,
        null,
        null,
        null,
        null,
        null,
        null,
        null,
        null,
        null,
        null,
        null,
        null,
        null,
        null,
        null,
        null,
        null,
        null,
        null,
        null,
        null,
        null,
        null,
        null,
        null,
        null,
        null,
        null,
        null,
        null,
        null,
        null,
        null,
        null,
        null,
        null,
        null,
        null,
        null,
        null,
        null,
        null,
        null,
        null,
        null,
        null,
        null,
        null,
        null,
        null,
        null,
        null,
        null,
        null,
        null,
        null,
        null,
        null,
        null,
        null,
        null,
        null,
        null,
        null,
        null,
        null,
        null,
        null,
        null,
        null,
        null,
        null,
        null,
        null,
        null,
        null,
        null,
        null,
        null,
        null,
        null,
        null,
        null,
        null,
        null,
        null,
        null,
        null,
        null,
        null,
        null,
        null,
        null,
        null,
        null,
        null,
        null,
        null,
        null,
        null,
        null,
        null,
        null,
        null,
        null,
        null,
        null,
        null,
        null,
        null,
        null,
        null,
        null,
        null,
        null,
        null,
        null
      ]
    },
    "timestamp": 1427956784
  }
}
