{
  "RSpec": {
    "coverage": {
      "/Users/michellenguyen/school/spr2015/cs169/citydogshare/app/controllers/application_controller.rb": [
        1,
        1,
        1,
        null,
        1,
        54,
        null,
        null,
        null
      ],
      "/Users/michellenguyen/school/spr2015/cs169/citydogshare/app/helpers/application_helper.rb": [
        1,
        null
      ],
      "/Users/michellenguyen/school/spr2015/cs169/citydogshare/app/helpers/home_helper.rb": [
        1,
        null
      ],
      "/Users/michellenguyen/school/spr2015/cs169/citydogshare/app/helpers/layouts_helper.rb": [
        1,
        null
      ],
      "/Users/michellenguyen/school/spr2015/cs169/citydogshare/app/helpers/sessions_helper.rb": [
        1,
        null
      ],
      "/Users/michellenguyen/school/spr2015/cs169/citydogshare/app/helpers/welcome_helper.rb": [
        1,
        null
      ],
      "/Users/michellenguyen/school/spr2015/cs169/citydogshare/app/controllers/dog_form_filler.rb": [
        1,
        null,
        1,
        null,
        1,
        1,
        null,
        1,
        16,
        16,
        16,
        16,
        16,
        16,
        16,
        16,
        16,
        16,
        null,
        null,
        1,
        70,
        10,
        10,
        10,
        null,
        null,
        null,
        1,
        60,
        null,
        null,
        1,
        10,
        0,
        10,
        0,
        null,
        10,
        null,
        null,
        null,
        1,
        null,
        3,
        3,
        3,
        3,
        3,
        null,
        null,
        3,
        null,
        null,
        null,
        null,
        null,
        null,
        3,
        null,
        null,
        1,
        null,
        1,
        1,
        1,
        1,
        1,
        1,
        null,
        null,
        null,
        1,
        3,
        3,
        3,
        null,
        3,
        null,
        null,
        1,
        3,
        6,
        null,
        null,
        null,
        1,
        6,
        6,
        15,
        null,
        0,
        null,
        null,
        null,
        null,
        null,
        null
      ],
      "/Users/michellenguyen/school/spr2015/cs169/citydogshare/app/controllers/dogs_controller.rb": [
        1,
        null,
        1,
        null,
        1,
        null,
        1,
        null,
        10,
        10,
        10,
        null,
        10,
        10,
        null,
        10,
        10,
        null,
        null,
        1,
        10,
        null,
        null,
        1,
        2,
        2,
        2,
        null,
        2,
        1,
        1,
        null,
        null,
        null,
        null,
        1,
        1,
        1,
        null,
        null,
        1,
        2,
        2,
        2,
        null,
        2,
        1,
        null,
        1,
        1,
        null,
        null,
        null,
        1,
        1,
        1,
        1,
        1,
        1,
        null,
        null,
        1,
        1,
        1,
        null,
        1,
        1,
        null,
        0,
        0,
        null,
        null,
        null,
        1,
        1,
        1,
        1,
        null,
        null,
        1,
        20,
        null,
        null,
        1,
        10,
        20,
        10,
        null,
        null,
        null,
        null,
        null
      ],
      "/Users/michellenguyen/school/spr2015/cs169/citydogshare/app/models/dog.rb": [
        1,
        1,
        null,
        11,
        11,
        11,
        11,
        11,
        11,
        11,
        null,
        1,
        1,
        1,
        1,
        1,
        1,
        1,
        1,
        1,
        null,
        1,
        null,
        null,
        1,
        1,
        1,
        null,
        1,
        null,
        null,
        1,
        46,
        null,
        null,
        1,
        2,
        2,
        null,
        null,
        1,
        0,
        null,
        null,
        1,
        0,
        null,
        null,
        1,
        21,
        null,
        null,
        1,
        0,
        null,
        null,
        1,
        1,
        null,
        null,
        1,
        2,
        null,
        null,
        1,
        21,
        21,
        null,
        null,
        null,
        null,
        1,
        0,
        null,
        null,
        1,
        0,
        null,
        null,
        null,
        null,
        1,
        10,
        null,
        null,
        1,
        10,
        null,
        null,
        1,
        10,
        null,
        null,
        1,
        10,
        null,
        null,
        1,
        10,
        null,
        null,
        1,
        10,
        null,
        null,
        1,
        10,
        null,
        null,
        1,
        10,
        10,
        10,
        1,
        1,
        0,
        null,
        1,
        null,
        null,
        10,
        null,
        null,
        1,
        1,
        1,
        1,
        null,
        null,
        1,
        10,
        null,
        null,
        null,
        null,
        null,
        null,
        null,
        null,
        null,
        null
      ],
      "/Users/michellenguyen/school/spr2015/cs169/citydogshare/app/controllers/layouts_controller.rb": [
        1,
        null
      ],
      "/Users/michellenguyen/school/spr2015/cs169/citydogshare/app/controllers/mixes_controller.rb": [
        1,
        null,
        1,
        0,
        0,
        0,
        null,
        null,
        null,
        null
      ],
      "/Users/michellenguyen/school/spr2015/cs169/citydogshare/app/models/mix.rb": [
        1,
        1,
        1,
        1,
        null,
        null,
        1,
        0,
        null,
        null,
        1,
        0,
        null,
        null,
        1,
        0,
        null,
        null,
        null
      ],
      "/Users/michellenguyen/school/spr2015/cs169/citydogshare/app/controllers/sessions_controller.rb": [
        1,
        null,
        1,
        2,
        2,
        2,
        null,
        null,
        1,
        2,
        2,
        null,
        null,
        1,
        1,
        1,
        null,
        null,
        1,
        3,
        1,
        1,
        1,
        null,
        2,
        2,
        null,
        null,
        null,
        1,
        5,
        1,
        1,
        null,
        4,
        4,
        4,
        4,
        null,
        null,
        null,
        null,
        1,
        3,
        3,
        null,
        3,
        2,
        null,
        1,
        null,
        null,
        null,
        null
      ],
      "/Users/michellenguyen/school/spr2015/cs169/citydogshare/app/controllers/users_controller.rb": [
        1,
        1,
        null,
        1,
        2,
        1,
        1,
        null,
        1,
        1,
        1,
        1,
        1,
        null,
        1,
        null,
        null,
        null,
        1,
        8,
        2,
        2,
        6,
        3,
        0,
        0,
        null,
        3,
        3,
        null,
        3,
        null,
        null,
        null,
        1,
        2,
        null,
        2,
        2,
        null,
        null,
        null
      ],
      "/Users/michellenguyen/school/spr2015/cs169/citydogshare/app/models/user.rb": [
        1,
        1,
        1,
        1,
        1,
        null,
        1,
        5,
        5,
        5,
        null,
        null,
        1,
        4,
        4,
        1,
        null,
        4,
        4,
        4,
        4,
        4,
        4,
        null,
        null,
        1,
        1,
        null,
        null,
        null
      ],
      "/Users/michellenguyen/school/spr2015/cs169/citydogshare/app/controllers/welcome_controller.rb": [
        1,
        1,
        null,
        null,
        null,
        1,
        null,
        null,
        null,
        null
      ],
      "/Users/michellenguyen/school/spr2015/cs169/citydogshare/app/models/dog_like_linker.rb": [
        1,
        1,
        1,
        null
      ],
      "/Users/michellenguyen/school/spr2015/cs169/citydogshare/app/models/dog_mix_linker.rb": [
        1,
        1,
        1,
        null
      ],
      "/Users/michellenguyen/school/spr2015/cs169/citydogshare/app/models/dog_personality_linker.rb": [
        1,
        1,
        1,
        null
      ],
      "/Users/michellenguyen/school/spr2015/cs169/citydogshare/app/models/energy_level.rb": [
        1,
        1,
        1,
        null,
        1,
        0,
        null,
        null
      ],
      "/Users/michellenguyen/school/spr2015/cs169/citydogshare/app/models/like.rb": [
        1,
        1,
        1,
        1,
        null,
        1,
        0,
        null,
        null
      ],
      "/Users/michellenguyen/school/spr2015/cs169/citydogshare/app/models/personality.rb": [
        1,
        1,
        1,
        1,
        null,
        1,
        0,
        null,
        null
      ],
      "/Users/michellenguyen/school/spr2015/cs169/citydogshare/app/models/size.rb": [
        1,
        1,
        1,
        null,
        1,
        0,
        null,
        null
      ]
    },
    "timestamp": 1429231157
  },
  "Cucumber Features": {
    "coverage": {
      "/Users/michellenguyen/school/spr2015/cs169/citydogshare/db/seeds.rb": [
        null,
        null,
        null,
        null,
        null,
        null,
        null,
        null,
        null,
        null,
        null,
        null,
        null,
        null,
        null,
        null,
        null,
        null,
        1,
        null,
        null,
        null,
        null,
        null,
        null,
        null,
        null,
        null,
        null,
        null,
        null,
        null,
        null,
        null,
        null,
        null,
        null,
        null,
        null,
        null,
        null,
        null,
        null,
        null,
        null,
        null,
        null,
        null,
        null,
        null,
        null,
        null,
        null,
        null,
        null,
        null,
        null,
        null,
        null,
        null,
        null,
        null,
        null,
        null,
        null,
        null,
        null,
        null,
        null,
        null,
        null,
        null,
        null,
        null,
        null,
        null,
        null,
        null,
        null,
        null,
        null,
        null,
        null,
        null,
        null,
        null,
        null,
        null,
        null,
        null,
        null,
        null,
        null,
        null,
        null,
        null,
        null,
        null,
        null,
        null,
        null,
        null,
        null,
        null,
        null,
        null,
        null,
        null,
        null,
        null,
        null,
        null,
        null,
        null,
        null,
        null,
        null,
        null,
        null,
        null,
        null,
        null,
        null,
        null,
        null,
        null,
        null,
        null,
        null,
        null,
        null,
        null,
        null,
        null,
        null,
        null,
        null,
        null,
        null,
        null,
        null,
        null,
        null,
        null,
        null,
        null,
        null,
        null,
        null,
        null,
        null,
        null,
        null,
        null,
        null,
        null,
        null,
        null,
        null,
        null,
        null,
        null,
        null,
        null,
        null,
        null,
        null,
        null,
        null,
        null,
        null,
        null,
        null,
        null,
        null,
        null,
        null,
        null,
        null,
        null,
        null,
        null,
        null,
        null,
        null,
        null,
        null,
        null,
        null,
        null,
        null,
        null,
        null,
        null,
        null,
        null,
        null,
        null,
        null,
        null,
        null,
        null,
        null,
        null,
        null,
        null,
        null,
        null,
        null,
        null,
        null,
        null,
        null,
        null,
        null,
        null,
        null,
        null,
        null,
        null,
        null,
        null,
        null,
        null,
        null,
        null,
        null,
        null,
        null,
        null,
        null,
        null,
        null,
        null,
        null,
        null,
        null,
        null,
        null,
        null,
        null,
        null,
        null,
        null,
        null,
        null,
        null,
        null,
        null,
        null,
        null,
        null,
        null,
        null,
        null,
        null,
        null,
        null,
        null,
        null,
        null,
        null,
        null,
        null,
        null,
        null,
        null,
        null,
        null,
        null,
        null,
        null,
        null,
        null,
        null,
        null,
        null,
        null,
        null,
        null,
        null,
        null,
        null,
        null,
        null,
        null,
        null,
        null,
        null,
        null,
        null,
        null,
        null,
        null,
        null,
        null,
        null,
        null,
        null,
        null,
        null,
        null,
        null,
        null,
        null,
        null,
        null,
        null,
        null,
        null,
        null,
        null,
        null,
        null,
        null,
        null,
        null,
        null,
        null,
        null,
        null,
        null,
        null,
        null,
        null,
        null,
        null,
        null,
        null,
        null,
        null,
        null,
        null,
        null,
        null,
        null,
        null,
        null,
        null,
        null,
        null,
        null,
        null,
        null,
        null,
        null,
        null,
        null,
        null,
        null,
        null,
        null,
        null,
        null,
        null,
        null,
        null,
        null,
        null,
        null,
        null,
        null,
        null,
        null,
        null,
        null,
        null,
        null,
        null,
        null,
        null,
        null,
        null,
        null,
        null,
        null,
        null,
        null,
        null,
        null,
        null,
        null,
        null,
        null,
        null,
        null,
        null,
        null,
        null,
        null,
        null,
        null,
        null,
        null,
        null,
        null,
        null,
        null,
        null,
        null,
        null,
        null,
        null,
        null,
        null,
        null,
        null,
        null,
        null,
        null,
        null,
        null,
        null,
        null,
        null,
        null,
        null,
        null,
        null,
        null,
        null,
        null,
        null,
        null,
        null,
        null,
        null,
        null,
        null,
        null,
        null,
        null,
        null,
        null,
        null,
        null,
        null,
        null,
        null,
        null,
        null,
        null,
        null,
        null,
        null,
        null,
        null,
        null,
        null,
        null,
        null,
        null,
        null,
        null,
        null,
        null,
        null,
        null,
        null,
        null,
        null,
        null,
        null,
        null,
        null,
        null,
        null,
        null,
        null,
        null,
        null,
        null,
        null,
        null,
        null,
        null,
        null,
        null,
        null,
        null,
        null,
        null,
        null,
        null,
        null,
        null,
        null,
        null,
        null,
        null,
        null,
        null,
        null,
        null,
        null,
        null,
        null,
        null,
        null,
        null,
        null,
        null,
        null,
        null,
        null,
        1,
        483,
        null,
        null,
        1,
        null,
        null,
        null,
        null,
        null,
        null,
        null,
        null,
        1,
        6,
        null,
        null,
        1,
        null,
        null,
        null,
        null,
        null,
        null,
        null,
        null,
        null,
        null,
        1,
        8,
        null,
        null,
        null,
        1,
        null,
        null,
        null,
        null,
        null,
        null,
        null,
        null,
        1,
        6,
        null,
        null,
        1,
        null,
        null,
        null,
        null,
        null,
        null,
        1,
        4,
        null,
        null,
        null,
        null,
        null,
        null,
        null,
        null,
        null
      ],
      "/Users/michellenguyen/school/spr2015/cs169/citydogshare/features/support/paths.rb": [
        null,
        null,
        null,
        null,
        null,
        1,
        null,
        null,
        null,
        null,
        null,
        null,
        1,
        54,
        null,
        null,
        13,
        null,
        27,
        null,
        12,
        null,
        1,
        null,
        1,
        null,
        null,
        null,
        null,
        null,
        null,
        null,
        null,
        null,
        null,
        null,
        null,
        null,
        null,
        null,
        null,
        null,
        null,
        null,
        null,
        null,
        1
      ],
      "/Users/michellenguyen/school/spr2015/cs169/citydogshare/features/support/selectors.rb": [
        null,
        null,
        null,
        null,
        null,
        null,
        null,
        null,
        null,
        null,
        null,
        null,
        null,
        null,
        null,
        null,
        null,
        null,
        null,
        null,
        null,
        null,
        null,
        null,
        null,
        null,
        null,
        null,
        null,
        null,
        null,
        null,
        null,
        null,
        null,
        null,
        null,
        null,
        null,
        null,
        null,
        null,
        null,
        null
      ],
      "/Users/michellenguyen/school/spr2015/cs169/citydogshare/features/step_definitions/auth_steps.rb": [
        null,
        1,
        1,
        1,
        1,
        null,
        1,
        33,
        null,
        null,
        50,
        50,
        50,
        null,
        null,
        null,
        null,
        1,
        20,
        null,
        null,
        1,
        2,
        null,
        null,
        1,
        41,
        null,
        null,
        1,
        12,
        null,
        null,
        1,
        39,
        null,
        null,
        1,
        32,
        null,
        null,
        1,
        73,
        73,
        null,
        0,
        null,
        null,
        null,
        1,
        11,
        11,
        null,
        0,
        null,
        null,
        1,
        13,
        13,
        13,
        null,
        0,
        null,
        null,
        null,
        1,
        13,
        null
      ],
      "/Users/michellenguyen/school/spr2015/cs169/citydogshare/features/step_definitions/dog_steps.rb": [
        1,
        null,
        1,
        0,
        null,
        null,
        1,
        15,
        15,
        44,
        44,
        44,
        44,
        44,
        44,
        44,
        44,
        44,
        44,
        44,
        44,
        44,
        null,
        null,
        null,
        1,
        9,
        null,
        null,
        1,
        1,
        null,
        null,
        null,
        1,
        11,
        null,
        null,
        1,
        2,
        null,
        null,
        1,
        1,
        1,
        null,
        null,
        1,
        11,
        null,
        null,
        null,
        1,
        2,
        null
      ],
      "/Users/michellenguyen/school/spr2015/cs169/citydogshare/features/step_definitions/web_steps.rb": [
        null,
        null,
        null,
        null,
        null,
        null,
        null,
        null,
        null,
        null,
        null,
        null,
        null,
        null,
        null,
        null,
        null,
        null,
        null,
        null,
        null,
        null,
        null,
        null,
        null,
        null,
        null,
        null,
        null,
        null,
        null,
        null,
        null,
        null,
        null,
        null,
        null,
        null,
        null,
        null,
        null,
        null,
        null,
        null,
        null,
        null,
        null,
        null,
        null,
        null,
        null,
        null,
        null,
        null,
        null,
        null,
        null,
        null,
        null,
        null,
        null,
        null,
        null,
        null,
        null,
        null,
        null,
        null,
        null,
        null,
        null,
        null,
        null,
        null,
        null,
        null,
        null,
        null,
        null,
        null,
        null,
        null,
        null,
        null,
        null,
        null,
        null,
        null,
        null,
        null,
        null,
        null,
        null,
        null,
        null,
        null,
        null,
        null,
        null,
        null,
        null,
        null,
        null,
        null,
        null,
        null,
        null,
        null,
        null,
        null,
        null,
        null,
        null,
        null,
        null,
        null,
        null,
        null,
        null,
        null,
        null,
        null,
        null,
        null,
        null,
        null,
        null,
        null,
        null,
        null,
        null,
        null,
        null,
        null,
        null,
        null,
        null,
        null,
        null,
        null,
        null,
        null,
        null,
        null,
        null,
        null,
        null,
        null,
        null,
        null,
        null,
        null,
        null,
        null,
        null,
        null,
        null,
        null,
        null,
        null,
        null,
        null,
        null,
        null,
        null,
        null,
        null,
        null,
        null,
        null,
        null,
        null,
        null,
        null,
        null,
        null,
        null,
        null,
        null,
        null,
        null,
        null,
        null,
        null,
        null,
        null,
        null,
        null,
        null,
        null,
        null,
        null,
        null,
        null,
        null,
        null,
        null,
        null,
        null,
        null,
        null,
        null,
        null,
        null,
        null,
        null,
        null,
        null,
        null,
        null,
        null,
        null,
        null,
        null,
        null,
        null,
        null,
        null,
        null,
        null,
        null,
        null,
        null,
        null,
        null,
        null,
        null,
        null,
        null,
        null,
        null,
        null,
        null,
        null,
        null,
        null,
        null,
        null,
        null,
        null,
        null,
        null,
        null,
        null,
        null,
        null,
        null,
        null,
        null,
        null,
        null,
        null,
        null,
        null
      ]
    },
    "timestamp": 1429235202
  }
}
